ARM GAS  /tmp/cc76YNd6.s 			page 1


   1              		.cpu cortex-m4
   2              		.arch armv7e-m
   3              		.fpu fpv4-sp-d16
   4              		.eabi_attribute 27, 1
   5              		.eabi_attribute 28, 1
   6              		.eabi_attribute 20, 1
   7              		.eabi_attribute 21, 1
   8              		.eabi_attribute 23, 3
   9              		.eabi_attribute 24, 1
  10              		.eabi_attribute 25, 1
  11              		.eabi_attribute 26, 1
  12              		.eabi_attribute 30, 1
  13              		.eabi_attribute 34, 1
  14              		.eabi_attribute 18, 4
  15              		.file	"gpio.c"
  16              		.text
  17              	.Ltext0:
  18              		.cfi_sections	.debug_frame
  19              		.file 1 "Core/Src/gpio.c"
  20              		.section	.text.MX_GPIO_Init,"ax",%progbits
  21              		.align	1
  22              		.global	MX_GPIO_Init
  23              		.syntax unified
  24              		.thumb
  25              		.thumb_func
  27              	MX_GPIO_Init:
  28              	.LFB134:
   1:Core/Src/gpio.c **** /* USER CODE BEGIN Header */
   2:Core/Src/gpio.c **** /**
   3:Core/Src/gpio.c ****   ******************************************************************************
   4:Core/Src/gpio.c ****   * @file    gpio.c
   5:Core/Src/gpio.c ****   * @brief   This file provides code for the configuration
   6:Core/Src/gpio.c ****   *          of all used GPIO pins.
   7:Core/Src/gpio.c ****   ******************************************************************************
   8:Core/Src/gpio.c ****   * @attention
   9:Core/Src/gpio.c ****   *
  10:Core/Src/gpio.c ****   * Copyright (c) 2026 STMicroelectronics.
  11:Core/Src/gpio.c ****   * All rights reserved.
  12:Core/Src/gpio.c ****   *
  13:Core/Src/gpio.c ****   * This software is licensed under terms that can be found in the LICENSE file
  14:Core/Src/gpio.c ****   * in the root directory of this software component.
  15:Core/Src/gpio.c ****   * If no LICENSE file comes with this software, it is provided AS-IS.
  16:Core/Src/gpio.c ****   *
  17:Core/Src/gpio.c ****   ******************************************************************************
  18:Core/Src/gpio.c ****   */
  19:Core/Src/gpio.c **** /* USER CODE END Header */
  20:Core/Src/gpio.c **** 
  21:Core/Src/gpio.c **** /* Includes ------------------------------------------------------------------*/
  22:Core/Src/gpio.c **** #include "gpio.h"
  23:Core/Src/gpio.c **** 
  24:Core/Src/gpio.c **** /* USER CODE BEGIN 0 */
  25:Core/Src/gpio.c **** 
  26:Core/Src/gpio.c **** /* USER CODE END 0 */
  27:Core/Src/gpio.c **** 
  28:Core/Src/gpio.c **** /*----------------------------------------------------------------------------*/
  29:Core/Src/gpio.c **** /* Configure GPIO                                                             */
  30:Core/Src/gpio.c **** /*----------------------------------------------------------------------------*/
ARM GAS  /tmp/cc76YNd6.s 			page 2


  31:Core/Src/gpio.c **** /* USER CODE BEGIN 1 */
  32:Core/Src/gpio.c **** 
  33:Core/Src/gpio.c **** /* USER CODE END 1 */
  34:Core/Src/gpio.c **** 
  35:Core/Src/gpio.c **** /** Configure pins as
  36:Core/Src/gpio.c ****         * Analog
  37:Core/Src/gpio.c ****         * Input
  38:Core/Src/gpio.c ****         * Output
  39:Core/Src/gpio.c ****         * EVENT_OUT
  40:Core/Src/gpio.c ****         * EXTI
  41:Core/Src/gpio.c ****      PC3   ------> I2S2_SD
  42:Core/Src/gpio.c ****      PA4   ------> I2S3_WS
  43:Core/Src/gpio.c ****      PA5   ------> SPI1_SCK
  44:Core/Src/gpio.c ****      PA6   ------> SPI1_MISO
  45:Core/Src/gpio.c ****      PA7   ------> SPI1_MOSI
  46:Core/Src/gpio.c ****      PB10   ------> I2S2_CK
  47:Core/Src/gpio.c ****      PC7   ------> I2S3_MCK
  48:Core/Src/gpio.c ****      PA9   ------> USB_OTG_FS_VBUS
  49:Core/Src/gpio.c ****      PA10   ------> USB_OTG_FS_ID
  50:Core/Src/gpio.c ****      PA11   ------> USB_OTG_FS_DM
  51:Core/Src/gpio.c ****      PA12   ------> USB_OTG_FS_DP
  52:Core/Src/gpio.c ****      PC10   ------> I2S3_CK
  53:Core/Src/gpio.c ****      PC12   ------> I2S3_SD
  54:Core/Src/gpio.c ****      PB6   ------> I2C1_SCL
  55:Core/Src/gpio.c ****      PB9   ------> I2C1_SDA
  56:Core/Src/gpio.c **** */
  57:Core/Src/gpio.c **** void MX_GPIO_Init(void)
  58:Core/Src/gpio.c **** {
  29              		.loc 1 58 1 view -0
  30              		.cfi_startproc
  31              		@ args = 0, pretend = 0, frame = 48
  32              		@ frame_needed = 0, uses_anonymous_args = 0
  33 0000 2DE9F04F 		push	{r4, r5, r6, r7, r8, r9, r10, fp, lr}
  34              	.LCFI0:
  35              		.cfi_def_cfa_offset 36
  36              		.cfi_offset 4, -36
  37              		.cfi_offset 5, -32
  38              		.cfi_offset 6, -28
  39              		.cfi_offset 7, -24
  40              		.cfi_offset 8, -20
  41              		.cfi_offset 9, -16
  42              		.cfi_offset 10, -12
  43              		.cfi_offset 11, -8
  44              		.cfi_offset 14, -4
  45 0004 8DB0     		sub	sp, sp, #52
  46              	.LCFI1:
  47              		.cfi_def_cfa_offset 88
  59:Core/Src/gpio.c **** 
  60:Core/Src/gpio.c ****   GPIO_InitTypeDef GPIO_InitStruct = {0};
  48              		.loc 1 60 3 view .LVU1
  49              		.loc 1 60 20 is_stmt 0 view .LVU2
  50 0006 07AD     		add	r5, sp, #28
  51 0008 0024     		movs	r4, #0
  52 000a 0794     		str	r4, [sp, #28]
  53 000c 6C60     		str	r4, [r5, #4]
  54 000e AC60     		str	r4, [r5, #8]
  55 0010 EC60     		str	r4, [r5, #12]
ARM GAS  /tmp/cc76YNd6.s 			page 3


  56 0012 2C61     		str	r4, [r5, #16]
  61:Core/Src/gpio.c **** 
  62:Core/Src/gpio.c ****   /* GPIO Ports Clock Enable */
  63:Core/Src/gpio.c ****   __HAL_RCC_GPIOE_CLK_ENABLE();
  57              		.loc 1 63 3 is_stmt 1 view .LVU3
  58              	.LBB2:
  59              		.loc 1 63 3 view .LVU4
  60 0014 0194     		str	r4, [sp, #4]
  61              		.loc 1 63 3 view .LVU5
  62 0016 7A4B     		ldr	r3, .L3
  63 0018 1A6B     		ldr	r2, [r3, #48]
  64 001a 42F01002 		orr	r2, r2, #16
  65 001e 1A63     		str	r2, [r3, #48]
  66              		.loc 1 63 3 view .LVU6
  67 0020 1A6B     		ldr	r2, [r3, #48]
  68 0022 02F01002 		and	r2, r2, #16
  69 0026 0192     		str	r2, [sp, #4]
  70              		.loc 1 63 3 view .LVU7
  71 0028 019A     		ldr	r2, [sp, #4]
  72              	.LBE2:
  73              		.loc 1 63 3 view .LVU8
  64:Core/Src/gpio.c ****   __HAL_RCC_GPIOC_CLK_ENABLE();
  74              		.loc 1 64 3 view .LVU9
  75              	.LBB3:
  76              		.loc 1 64 3 view .LVU10
  77 002a 0294     		str	r4, [sp, #8]
  78              		.loc 1 64 3 view .LVU11
  79 002c 1A6B     		ldr	r2, [r3, #48]
  80 002e 42F00402 		orr	r2, r2, #4
  81 0032 1A63     		str	r2, [r3, #48]
  82              		.loc 1 64 3 view .LVU12
  83 0034 1A6B     		ldr	r2, [r3, #48]
  84 0036 02F00402 		and	r2, r2, #4
  85 003a 0292     		str	r2, [sp, #8]
  86              		.loc 1 64 3 view .LVU13
  87 003c 029A     		ldr	r2, [sp, #8]
  88              	.LBE3:
  89              		.loc 1 64 3 view .LVU14
  65:Core/Src/gpio.c ****   __HAL_RCC_GPIOH_CLK_ENABLE();
  90              		.loc 1 65 3 view .LVU15
  91              	.LBB4:
  92              		.loc 1 65 3 view .LVU16
  93 003e 0394     		str	r4, [sp, #12]
  94              		.loc 1 65 3 view .LVU17
  95 0040 1A6B     		ldr	r2, [r3, #48]
  96 0042 42F08002 		orr	r2, r2, #128
  97 0046 1A63     		str	r2, [r3, #48]
  98              		.loc 1 65 3 view .LVU18
  99 0048 1A6B     		ldr	r2, [r3, #48]
 100 004a 02F08002 		and	r2, r2, #128
 101 004e 0392     		str	r2, [sp, #12]
 102              		.loc 1 65 3 view .LVU19
 103 0050 039A     		ldr	r2, [sp, #12]
 104              	.LBE4:
 105              		.loc 1 65 3 view .LVU20
  66:Core/Src/gpio.c ****   __HAL_RCC_GPIOA_CLK_ENABLE();
 106              		.loc 1 66 3 view .LVU21
ARM GAS  /tmp/cc76YNd6.s 			page 4


 107              	.LBB5:
 108              		.loc 1 66 3 view .LVU22
 109 0052 0494     		str	r4, [sp, #16]
 110              		.loc 1 66 3 view .LVU23
 111 0054 1A6B     		ldr	r2, [r3, #48]
 112 0056 42F00102 		orr	r2, r2, #1
 113 005a 1A63     		str	r2, [r3, #48]
 114              		.loc 1 66 3 view .LVU24
 115 005c 1A6B     		ldr	r2, [r3, #48]
 116 005e 02F00102 		and	r2, r2, #1
 117 0062 0492     		str	r2, [sp, #16]
 118              		.loc 1 66 3 view .LVU25
 119 0064 049A     		ldr	r2, [sp, #16]
 120              	.LBE5:
 121              		.loc 1 66 3 view .LVU26
  67:Core/Src/gpio.c ****   __HAL_RCC_GPIOB_CLK_ENABLE();
 122              		.loc 1 67 3 view .LVU27
 123              	.LBB6:
 124              		.loc 1 67 3 view .LVU28
 125 0066 0594     		str	r4, [sp, #20]
 126              		.loc 1 67 3 view .LVU29
 127 0068 1A6B     		ldr	r2, [r3, #48]
 128 006a 42F00202 		orr	r2, r2, #2
 129 006e 1A63     		str	r2, [r3, #48]
 130              		.loc 1 67 3 view .LVU30
 131 0070 1A6B     		ldr	r2, [r3, #48]
 132 0072 02F00202 		and	r2, r2, #2
 133 0076 0592     		str	r2, [sp, #20]
 134              		.loc 1 67 3 view .LVU31
 135 0078 059A     		ldr	r2, [sp, #20]
 136              	.LBE6:
 137              		.loc 1 67 3 view .LVU32
  68:Core/Src/gpio.c ****   __HAL_RCC_GPIOD_CLK_ENABLE();
 138              		.loc 1 68 3 view .LVU33
 139              	.LBB7:
 140              		.loc 1 68 3 view .LVU34
 141 007a 0694     		str	r4, [sp, #24]
 142              		.loc 1 68 3 view .LVU35
 143 007c 1A6B     		ldr	r2, [r3, #48]
 144 007e 42F00802 		orr	r2, r2, #8
 145 0082 1A63     		str	r2, [r3, #48]
 146              		.loc 1 68 3 view .LVU36
 147 0084 1B6B     		ldr	r3, [r3, #48]
 148 0086 03F00803 		and	r3, r3, #8
 149 008a 0693     		str	r3, [sp, #24]
 150              		.loc 1 68 3 view .LVU37
 151 008c 069B     		ldr	r3, [sp, #24]
 152              	.LBE7:
 153              		.loc 1 68 3 view .LVU38
  69:Core/Src/gpio.c **** 
  70:Core/Src/gpio.c ****   /*Configure GPIO pin Output Level */
  71:Core/Src/gpio.c ****   HAL_GPIO_WritePin(CS_I2C_SPI_GPIO_Port, CS_I2C_SPI_Pin, GPIO_PIN_RESET);
 154              		.loc 1 71 3 view .LVU39
 155 008e 2246     		mov	r2, r4
 156 0090 0821     		movs	r1, #8
 157 0092 5C48     		ldr	r0, .L3+4
 158 0094 FFF7FEFF 		bl	HAL_GPIO_WritePin
ARM GAS  /tmp/cc76YNd6.s 			page 5


 159              	.LVL0:
  72:Core/Src/gpio.c **** 
  73:Core/Src/gpio.c ****   /*Configure GPIO pin Output Level */
  74:Core/Src/gpio.c ****   HAL_GPIO_WritePin(OTG_FS_PowerSwitchOn_GPIO_Port, OTG_FS_PowerSwitchOn_Pin, GPIO_PIN_SET);
 160              		.loc 1 74 3 view .LVU40
 161 0098 DFF87491 		ldr	r9, .L3+16
 162 009c 0122     		movs	r2, #1
 163 009e 1146     		mov	r1, r2
 164 00a0 4846     		mov	r0, r9
 165 00a2 FFF7FEFF 		bl	HAL_GPIO_WritePin
 166              	.LVL1:
  75:Core/Src/gpio.c **** 
  76:Core/Src/gpio.c ****   /*Configure GPIO pin Output Level */
  77:Core/Src/gpio.c ****   HAL_GPIO_WritePin(GPIOD, LD4_Pin|LD3_Pin|LD5_Pin|LD6_Pin
 167              		.loc 1 77 3 view .LVU41
 168 00a6 DFF86CA1 		ldr	r10, .L3+20
 169 00aa 2246     		mov	r2, r4
 170 00ac 4FF21001 		movw	r1, #61456
 171 00b0 5046     		mov	r0, r10
 172 00b2 FFF7FEFF 		bl	HAL_GPIO_WritePin
 173              	.LVL2:
  78:Core/Src/gpio.c ****                           |Audio_RST_Pin, GPIO_PIN_RESET);
  79:Core/Src/gpio.c **** 
  80:Core/Src/gpio.c ****   /*Configure GPIO pin : CS_I2C_SPI_Pin */
  81:Core/Src/gpio.c ****   GPIO_InitStruct.Pin = CS_I2C_SPI_Pin;
 174              		.loc 1 81 3 view .LVU42
 175              		.loc 1 81 23 is_stmt 0 view .LVU43
 176 00b6 0826     		movs	r6, #8
 177 00b8 0796     		str	r6, [sp, #28]
  82:Core/Src/gpio.c ****   GPIO_InitStruct.Mode = GPIO_MODE_OUTPUT_PP;
 178              		.loc 1 82 3 is_stmt 1 view .LVU44
 179              		.loc 1 82 24 is_stmt 0 view .LVU45
 180 00ba 4FF00108 		mov	r8, #1
 181 00be CDF82080 		str	r8, [sp, #32]
  83:Core/Src/gpio.c ****   GPIO_InitStruct.Pull = GPIO_NOPULL;
 182              		.loc 1 83 3 is_stmt 1 view .LVU46
 183              		.loc 1 83 24 is_stmt 0 view .LVU47
 184 00c2 0994     		str	r4, [sp, #36]
  84:Core/Src/gpio.c ****   GPIO_InitStruct.Speed = GPIO_SPEED_FREQ_LOW;
 185              		.loc 1 84 3 is_stmt 1 view .LVU48
 186              		.loc 1 84 25 is_stmt 0 view .LVU49
 187 00c4 0A94     		str	r4, [sp, #40]
  85:Core/Src/gpio.c ****   HAL_GPIO_Init(CS_I2C_SPI_GPIO_Port, &GPIO_InitStruct);
 188              		.loc 1 85 3 is_stmt 1 view .LVU50
 189 00c6 2946     		mov	r1, r5
 190 00c8 4E48     		ldr	r0, .L3+4
 191 00ca FFF7FEFF 		bl	HAL_GPIO_Init
 192              	.LVL3:
  86:Core/Src/gpio.c **** 
  87:Core/Src/gpio.c ****   /*Configure GPIO pin : OTG_FS_PowerSwitchOn_Pin */
  88:Core/Src/gpio.c ****   GPIO_InitStruct.Pin = OTG_FS_PowerSwitchOn_Pin;
 193              		.loc 1 88 3 view .LVU51
 194              		.loc 1 88 23 is_stmt 0 view .LVU52
 195 00ce CDF81C80 		str	r8, [sp, #28]
  89:Core/Src/gpio.c ****   GPIO_InitStruct.Mode = GPIO_MODE_OUTPUT_PP;
 196              		.loc 1 89 3 is_stmt 1 view .LVU53
 197              		.loc 1 89 24 is_stmt 0 view .LVU54
ARM GAS  /tmp/cc76YNd6.s 			page 6


 198 00d2 CDF82080 		str	r8, [sp, #32]
  90:Core/Src/gpio.c ****   GPIO_InitStruct.Pull = GPIO_NOPULL;
 199              		.loc 1 90 3 is_stmt 1 view .LVU55
 200              		.loc 1 90 24 is_stmt 0 view .LVU56
 201 00d6 0994     		str	r4, [sp, #36]
  91:Core/Src/gpio.c ****   GPIO_InitStruct.Speed = GPIO_SPEED_FREQ_LOW;
 202              		.loc 1 91 3 is_stmt 1 view .LVU57
 203              		.loc 1 91 25 is_stmt 0 view .LVU58
 204 00d8 0A94     		str	r4, [sp, #40]
  92:Core/Src/gpio.c ****   HAL_GPIO_Init(OTG_FS_PowerSwitchOn_GPIO_Port, &GPIO_InitStruct);
 205              		.loc 1 92 3 is_stmt 1 view .LVU59
 206 00da 2946     		mov	r1, r5
 207 00dc 4846     		mov	r0, r9
 208 00de FFF7FEFF 		bl	HAL_GPIO_Init
 209              	.LVL4:
  93:Core/Src/gpio.c **** 
  94:Core/Src/gpio.c ****   /*Configure GPIO pin : PDM_OUT_Pin */
  95:Core/Src/gpio.c ****   GPIO_InitStruct.Pin = PDM_OUT_Pin;
 210              		.loc 1 95 3 view .LVU60
 211              		.loc 1 95 23 is_stmt 0 view .LVU61
 212 00e2 0796     		str	r6, [sp, #28]
  96:Core/Src/gpio.c ****   GPIO_InitStruct.Mode = GPIO_MODE_AF_PP;
 213              		.loc 1 96 3 is_stmt 1 view .LVU62
 214              		.loc 1 96 24 is_stmt 0 view .LVU63
 215 00e4 0226     		movs	r6, #2
 216 00e6 0896     		str	r6, [sp, #32]
  97:Core/Src/gpio.c ****   GPIO_InitStruct.Pull = GPIO_NOPULL;
 217              		.loc 1 97 3 is_stmt 1 view .LVU64
 218              		.loc 1 97 24 is_stmt 0 view .LVU65
 219 00e8 0994     		str	r4, [sp, #36]
  98:Core/Src/gpio.c ****   GPIO_InitStruct.Speed = GPIO_SPEED_FREQ_LOW;
 220              		.loc 1 98 3 is_stmt 1 view .LVU66
 221              		.loc 1 98 25 is_stmt 0 view .LVU67
 222 00ea 0A94     		str	r4, [sp, #40]
  99:Core/Src/gpio.c ****   GPIO_InitStruct.Alternate = GPIO_AF5_SPI2;
 223              		.loc 1 99 3 is_stmt 1 view .LVU68
 224              		.loc 1 99 29 is_stmt 0 view .LVU69
 225 00ec 4FF0050B 		mov	fp, #5
 226 00f0 CDF82CB0 		str	fp, [sp, #44]
 100:Core/Src/gpio.c ****   HAL_GPIO_Init(PDM_OUT_GPIO_Port, &GPIO_InitStruct);
 227              		.loc 1 100 3 is_stmt 1 view .LVU70
 228 00f4 2946     		mov	r1, r5
 229 00f6 4846     		mov	r0, r9
 230 00f8 FFF7FEFF 		bl	HAL_GPIO_Init
 231              	.LVL5:
 101:Core/Src/gpio.c **** 
 102:Core/Src/gpio.c ****   /*Configure GPIO pin : B1_Pin */
 103:Core/Src/gpio.c ****   GPIO_InitStruct.Pin = B1_Pin;
 232              		.loc 1 103 3 view .LVU71
 233              		.loc 1 103 23 is_stmt 0 view .LVU72
 234 00fc CDF81C80 		str	r8, [sp, #28]
 104:Core/Src/gpio.c ****   GPIO_InitStruct.Mode = GPIO_MODE_IT_RISING;
 235              		.loc 1 104 3 is_stmt 1 view .LVU73
 236              		.loc 1 104 24 is_stmt 0 view .LVU74
 237 0100 4FF48813 		mov	r3, #1114112
 238 0104 0893     		str	r3, [sp, #32]
 105:Core/Src/gpio.c ****   GPIO_InitStruct.Pull = GPIO_NOPULL;
ARM GAS  /tmp/cc76YNd6.s 			page 7


 239              		.loc 1 105 3 is_stmt 1 view .LVU75
 240              		.loc 1 105 24 is_stmt 0 view .LVU76
 241 0106 0994     		str	r4, [sp, #36]
 106:Core/Src/gpio.c ****   HAL_GPIO_Init(B1_GPIO_Port, &GPIO_InitStruct);
 242              		.loc 1 106 3 is_stmt 1 view .LVU77
 243 0108 3F4F     		ldr	r7, .L3+8
 244 010a 2946     		mov	r1, r5
 245 010c 3846     		mov	r0, r7
 246 010e FFF7FEFF 		bl	HAL_GPIO_Init
 247              	.LVL6:
 107:Core/Src/gpio.c **** 
 108:Core/Src/gpio.c ****   /*Configure GPIO pin : I2S3_WS_Pin */
 109:Core/Src/gpio.c ****   GPIO_InitStruct.Pin = I2S3_WS_Pin;
 248              		.loc 1 109 3 view .LVU78
 249              		.loc 1 109 23 is_stmt 0 view .LVU79
 250 0112 1023     		movs	r3, #16
 251 0114 0793     		str	r3, [sp, #28]
 110:Core/Src/gpio.c ****   GPIO_InitStruct.Mode = GPIO_MODE_AF_PP;
 252              		.loc 1 110 3 is_stmt 1 view .LVU80
 253              		.loc 1 110 24 is_stmt 0 view .LVU81
 254 0116 0896     		str	r6, [sp, #32]
 111:Core/Src/gpio.c ****   GPIO_InitStruct.Pull = GPIO_NOPULL;
 255              		.loc 1 111 3 is_stmt 1 view .LVU82
 256              		.loc 1 111 24 is_stmt 0 view .LVU83
 257 0118 0994     		str	r4, [sp, #36]
 112:Core/Src/gpio.c ****   GPIO_InitStruct.Speed = GPIO_SPEED_FREQ_LOW;
 258              		.loc 1 112 3 is_stmt 1 view .LVU84
 259              		.loc 1 112 25 is_stmt 0 view .LVU85
 260 011a 0A94     		str	r4, [sp, #40]
 113:Core/Src/gpio.c ****   GPIO_InitStruct.Alternate = GPIO_AF6_SPI3;
 261              		.loc 1 113 3 is_stmt 1 view .LVU86
 262              		.loc 1 113 29 is_stmt 0 view .LVU87
 263 011c 0623     		movs	r3, #6
 264 011e 0B93     		str	r3, [sp, #44]
 114:Core/Src/gpio.c ****   HAL_GPIO_Init(I2S3_WS_GPIO_Port, &GPIO_InitStruct);
 265              		.loc 1 114 3 is_stmt 1 view .LVU88
 266 0120 2946     		mov	r1, r5
 267 0122 3846     		mov	r0, r7
 268 0124 FFF7FEFF 		bl	HAL_GPIO_Init
 269              	.LVL7:
 115:Core/Src/gpio.c **** 
 116:Core/Src/gpio.c ****   /*Configure GPIO pins : SPI1_SCK_Pin SPI1_MISO_Pin SPI1_MOSI_Pin */
 117:Core/Src/gpio.c ****   GPIO_InitStruct.Pin = SPI1_SCK_Pin|SPI1_MISO_Pin|SPI1_MOSI_Pin;
 270              		.loc 1 117 3 view .LVU89
 271              		.loc 1 117 23 is_stmt 0 view .LVU90
 272 0128 E023     		movs	r3, #224
 273 012a 0793     		str	r3, [sp, #28]
 118:Core/Src/gpio.c ****   GPIO_InitStruct.Mode = GPIO_MODE_AF_PP;
 274              		.loc 1 118 3 is_stmt 1 view .LVU91
 275              		.loc 1 118 24 is_stmt 0 view .LVU92
 276 012c 0896     		str	r6, [sp, #32]
 119:Core/Src/gpio.c ****   GPIO_InitStruct.Pull = GPIO_NOPULL;
 277              		.loc 1 119 3 is_stmt 1 view .LVU93
 278              		.loc 1 119 24 is_stmt 0 view .LVU94
 279 012e 0994     		str	r4, [sp, #36]
 120:Core/Src/gpio.c ****   GPIO_InitStruct.Speed = GPIO_SPEED_FREQ_LOW;
 280              		.loc 1 120 3 is_stmt 1 view .LVU95
ARM GAS  /tmp/cc76YNd6.s 			page 8


 281              		.loc 1 120 25 is_stmt 0 view .LVU96
 282 0130 0A94     		str	r4, [sp, #40]
 121:Core/Src/gpio.c ****   GPIO_InitStruct.Alternate = GPIO_AF5_SPI1;
 283              		.loc 1 121 3 is_stmt 1 view .LVU97
 284              		.loc 1 121 29 is_stmt 0 view .LVU98
 285 0132 CDF82CB0 		str	fp, [sp, #44]
 122:Core/Src/gpio.c ****   HAL_GPIO_Init(GPIOA, &GPIO_InitStruct);
 286              		.loc 1 122 3 is_stmt 1 view .LVU99
 287 0136 2946     		mov	r1, r5
 288 0138 3846     		mov	r0, r7
 289 013a FFF7FEFF 		bl	HAL_GPIO_Init
 290              	.LVL8:
 123:Core/Src/gpio.c **** 
 124:Core/Src/gpio.c ****   /*Configure GPIO pin : BOOT1_Pin */
 125:Core/Src/gpio.c ****   GPIO_InitStruct.Pin = BOOT1_Pin;
 291              		.loc 1 125 3 view .LVU100
 292              		.loc 1 125 23 is_stmt 0 view .LVU101
 293 013e 0422     		movs	r2, #4
 294 0140 0792     		str	r2, [sp, #28]
 126:Core/Src/gpio.c ****   GPIO_InitStruct.Mode = GPIO_MODE_INPUT;
 295              		.loc 1 126 3 is_stmt 1 view .LVU102
 296              		.loc 1 126 24 is_stmt 0 view .LVU103
 297 0142 0894     		str	r4, [sp, #32]
 127:Core/Src/gpio.c ****   GPIO_InitStruct.Pull = GPIO_NOPULL;
 298              		.loc 1 127 3 is_stmt 1 view .LVU104
 299              		.loc 1 127 24 is_stmt 0 view .LVU105
 300 0144 0994     		str	r4, [sp, #36]
 128:Core/Src/gpio.c ****   HAL_GPIO_Init(BOOT1_GPIO_Port, &GPIO_InitStruct);
 301              		.loc 1 128 3 is_stmt 1 view .LVU106
 302 0146 2946     		mov	r1, r5
 303 0148 3048     		ldr	r0, .L3+12
 304 014a FFF7FEFF 		bl	HAL_GPIO_Init
 305              	.LVL9:
 129:Core/Src/gpio.c **** 
 130:Core/Src/gpio.c ****   /*Configure GPIO pin : CLK_IN_Pin */
 131:Core/Src/gpio.c ****   GPIO_InitStruct.Pin = CLK_IN_Pin;
 306              		.loc 1 131 3 view .LVU107
 307              		.loc 1 131 23 is_stmt 0 view .LVU108
 308 014e 4FF48063 		mov	r3, #1024
 309 0152 0793     		str	r3, [sp, #28]
 132:Core/Src/gpio.c ****   GPIO_InitStruct.Mode = GPIO_MODE_AF_PP;
 310              		.loc 1 132 3 is_stmt 1 view .LVU109
 311              		.loc 1 132 24 is_stmt 0 view .LVU110
 312 0154 0896     		str	r6, [sp, #32]
 133:Core/Src/gpio.c ****   GPIO_InitStruct.Pull = GPIO_NOPULL;
 313              		.loc 1 133 3 is_stmt 1 view .LVU111
 314              		.loc 1 133 24 is_stmt 0 view .LVU112
 315 0156 0994     		str	r4, [sp, #36]
 134:Core/Src/gpio.c ****   GPIO_InitStruct.Speed = GPIO_SPEED_FREQ_LOW;
 316              		.loc 1 134 3 is_stmt 1 view .LVU113
 317              		.loc 1 134 25 is_stmt 0 view .LVU114
 318 0158 0A94     		str	r4, [sp, #40]
 135:Core/Src/gpio.c ****   GPIO_InitStruct.Alternate = GPIO_AF5_SPI2;
 319              		.loc 1 135 3 is_stmt 1 view .LVU115
 320              		.loc 1 135 29 is_stmt 0 view .LVU116
 321 015a CDF82CB0 		str	fp, [sp, #44]
 136:Core/Src/gpio.c ****   HAL_GPIO_Init(CLK_IN_GPIO_Port, &GPIO_InitStruct);
ARM GAS  /tmp/cc76YNd6.s 			page 9


 322              		.loc 1 136 3 is_stmt 1 view .LVU117
 323 015e 2946     		mov	r1, r5
 324 0160 2A48     		ldr	r0, .L3+12
 325 0162 FFF7FEFF 		bl	HAL_GPIO_Init
 326              	.LVL10:
 137:Core/Src/gpio.c **** 
 138:Core/Src/gpio.c ****   /*Configure GPIO pins : LD4_Pin LD3_Pin LD5_Pin LD6_Pin
 139:Core/Src/gpio.c ****                            Audio_RST_Pin */
 140:Core/Src/gpio.c ****   GPIO_InitStruct.Pin = LD4_Pin|LD3_Pin|LD5_Pin|LD6_Pin
 327              		.loc 1 140 3 view .LVU118
 328              		.loc 1 140 23 is_stmt 0 view .LVU119
 329 0166 4FF21003 		movw	r3, #61456
 330 016a 0793     		str	r3, [sp, #28]
 141:Core/Src/gpio.c ****                           |Audio_RST_Pin;
 142:Core/Src/gpio.c ****   GPIO_InitStruct.Mode = GPIO_MODE_OUTPUT_PP;
 331              		.loc 1 142 3 is_stmt 1 view .LVU120
 332              		.loc 1 142 24 is_stmt 0 view .LVU121
 333 016c CDF82080 		str	r8, [sp, #32]
 143:Core/Src/gpio.c ****   GPIO_InitStruct.Pull = GPIO_NOPULL;
 334              		.loc 1 143 3 is_stmt 1 view .LVU122
 335              		.loc 1 143 24 is_stmt 0 view .LVU123
 336 0170 0994     		str	r4, [sp, #36]
 144:Core/Src/gpio.c ****   GPIO_InitStruct.Speed = GPIO_SPEED_FREQ_LOW;
 337              		.loc 1 144 3 is_stmt 1 view .LVU124
 338              		.loc 1 144 25 is_stmt 0 view .LVU125
 339 0172 0A94     		str	r4, [sp, #40]
 145:Core/Src/gpio.c ****   HAL_GPIO_Init(GPIOD, &GPIO_InitStruct);
 340              		.loc 1 145 3 is_stmt 1 view .LVU126
 341 0174 2946     		mov	r1, r5
 342 0176 5046     		mov	r0, r10
 343 0178 FFF7FEFF 		bl	HAL_GPIO_Init
 344              	.LVL11:
 146:Core/Src/gpio.c **** 
 147:Core/Src/gpio.c ****   /*Configure GPIO pins : I2S3_MCK_Pin I2S3_SCK_Pin I2S3_SD_Pin */
 148:Core/Src/gpio.c ****   GPIO_InitStruct.Pin = I2S3_MCK_Pin|I2S3_SCK_Pin|I2S3_SD_Pin;
 345              		.loc 1 148 3 view .LVU127
 346              		.loc 1 148 23 is_stmt 0 view .LVU128
 347 017c 4FF4A453 		mov	r3, #5248
 348 0180 0793     		str	r3, [sp, #28]
 149:Core/Src/gpio.c ****   GPIO_InitStruct.Mode = GPIO_MODE_AF_PP;
 349              		.loc 1 149 3 is_stmt 1 view .LVU129
 350              		.loc 1 149 24 is_stmt 0 view .LVU130
 351 0182 0896     		str	r6, [sp, #32]
 150:Core/Src/gpio.c ****   GPIO_InitStruct.Pull = GPIO_NOPULL;
 352              		.loc 1 150 3 is_stmt 1 view .LVU131
 353              		.loc 1 150 24 is_stmt 0 view .LVU132
 354 0184 0994     		str	r4, [sp, #36]
 151:Core/Src/gpio.c ****   GPIO_InitStruct.Speed = GPIO_SPEED_FREQ_LOW;
 355              		.loc 1 151 3 is_stmt 1 view .LVU133
 356              		.loc 1 151 25 is_stmt 0 view .LVU134
 357 0186 0A94     		str	r4, [sp, #40]
 152:Core/Src/gpio.c ****   GPIO_InitStruct.Alternate = GPIO_AF6_SPI3;
 358              		.loc 1 152 3 is_stmt 1 view .LVU135
 359              		.loc 1 152 29 is_stmt 0 view .LVU136
 360 0188 0623     		movs	r3, #6
 361 018a 0B93     		str	r3, [sp, #44]
 153:Core/Src/gpio.c ****   HAL_GPIO_Init(GPIOC, &GPIO_InitStruct);
ARM GAS  /tmp/cc76YNd6.s 			page 10


 362              		.loc 1 153 3 is_stmt 1 view .LVU137
 363 018c 2946     		mov	r1, r5
 364 018e 4846     		mov	r0, r9
 365 0190 FFF7FEFF 		bl	HAL_GPIO_Init
 366              	.LVL12:
 154:Core/Src/gpio.c **** 
 155:Core/Src/gpio.c ****   /*Configure GPIO pin : VBUS_FS_Pin */
 156:Core/Src/gpio.c ****   GPIO_InitStruct.Pin = VBUS_FS_Pin;
 367              		.loc 1 156 3 view .LVU138
 368              		.loc 1 156 23 is_stmt 0 view .LVU139
 369 0194 4FF40073 		mov	r3, #512
 370 0198 0793     		str	r3, [sp, #28]
 157:Core/Src/gpio.c ****   GPIO_InitStruct.Mode = GPIO_MODE_INPUT;
 371              		.loc 1 157 3 is_stmt 1 view .LVU140
 372              		.loc 1 157 24 is_stmt 0 view .LVU141
 373 019a 0894     		str	r4, [sp, #32]
 158:Core/Src/gpio.c ****   GPIO_InitStruct.Pull = GPIO_NOPULL;
 374              		.loc 1 158 3 is_stmt 1 view .LVU142
 375              		.loc 1 158 24 is_stmt 0 view .LVU143
 376 019c 0994     		str	r4, [sp, #36]
 159:Core/Src/gpio.c ****   HAL_GPIO_Init(VBUS_FS_GPIO_Port, &GPIO_InitStruct);
 377              		.loc 1 159 3 is_stmt 1 view .LVU144
 378 019e 2946     		mov	r1, r5
 379 01a0 3846     		mov	r0, r7
 380 01a2 FFF7FEFF 		bl	HAL_GPIO_Init
 381              	.LVL13:
 160:Core/Src/gpio.c **** 
 161:Core/Src/gpio.c ****   /*Configure GPIO pins : OTG_FS_ID_Pin OTG_FS_DM_Pin OTG_FS_DP_Pin */
 162:Core/Src/gpio.c ****   GPIO_InitStruct.Pin = OTG_FS_ID_Pin|OTG_FS_DM_Pin|OTG_FS_DP_Pin;
 382              		.loc 1 162 3 view .LVU145
 383              		.loc 1 162 23 is_stmt 0 view .LVU146
 384 01a6 4FF4E053 		mov	r3, #7168
 385 01aa 0793     		str	r3, [sp, #28]
 163:Core/Src/gpio.c ****   GPIO_InitStruct.Mode = GPIO_MODE_AF_PP;
 386              		.loc 1 163 3 is_stmt 1 view .LVU147
 387              		.loc 1 163 24 is_stmt 0 view .LVU148
 388 01ac 0896     		str	r6, [sp, #32]
 164:Core/Src/gpio.c ****   GPIO_InitStruct.Pull = GPIO_NOPULL;
 389              		.loc 1 164 3 is_stmt 1 view .LVU149
 390              		.loc 1 164 24 is_stmt 0 view .LVU150
 391 01ae 0994     		str	r4, [sp, #36]
 165:Core/Src/gpio.c ****   GPIO_InitStruct.Speed = GPIO_SPEED_FREQ_LOW;
 392              		.loc 1 165 3 is_stmt 1 view .LVU151
 393              		.loc 1 165 25 is_stmt 0 view .LVU152
 394 01b0 0A94     		str	r4, [sp, #40]
 166:Core/Src/gpio.c ****   GPIO_InitStruct.Alternate = GPIO_AF10_OTG_FS;
 395              		.loc 1 166 3 is_stmt 1 view .LVU153
 396              		.loc 1 166 29 is_stmt 0 view .LVU154
 397 01b2 0A23     		movs	r3, #10
 398 01b4 0B93     		str	r3, [sp, #44]
 167:Core/Src/gpio.c ****   HAL_GPIO_Init(GPIOA, &GPIO_InitStruct);
 399              		.loc 1 167 3 is_stmt 1 view .LVU155
 400 01b6 2946     		mov	r1, r5
 401 01b8 3846     		mov	r0, r7
 402 01ba FFF7FEFF 		bl	HAL_GPIO_Init
 403              	.LVL14:
 168:Core/Src/gpio.c **** 
ARM GAS  /tmp/cc76YNd6.s 			page 11


 169:Core/Src/gpio.c ****   /*Configure GPIO pin : OTG_FS_OverCurrent_Pin */
 170:Core/Src/gpio.c ****   GPIO_InitStruct.Pin = OTG_FS_OverCurrent_Pin;
 404              		.loc 1 170 3 view .LVU156
 405              		.loc 1 170 23 is_stmt 0 view .LVU157
 406 01be 2023     		movs	r3, #32
 407 01c0 0793     		str	r3, [sp, #28]
 171:Core/Src/gpio.c ****   GPIO_InitStruct.Mode = GPIO_MODE_INPUT;
 408              		.loc 1 171 3 is_stmt 1 view .LVU158
 409              		.loc 1 171 24 is_stmt 0 view .LVU159
 410 01c2 0894     		str	r4, [sp, #32]
 172:Core/Src/gpio.c ****   GPIO_InitStruct.Pull = GPIO_NOPULL;
 411              		.loc 1 172 3 is_stmt 1 view .LVU160
 412              		.loc 1 172 24 is_stmt 0 view .LVU161
 413 01c4 0994     		str	r4, [sp, #36]
 173:Core/Src/gpio.c ****   HAL_GPIO_Init(OTG_FS_OverCurrent_GPIO_Port, &GPIO_InitStruct);
 414              		.loc 1 173 3 is_stmt 1 view .LVU162
 415 01c6 2946     		mov	r1, r5
 416 01c8 5046     		mov	r0, r10
 417 01ca FFF7FEFF 		bl	HAL_GPIO_Init
 418              	.LVL15:
 174:Core/Src/gpio.c **** 
 175:Core/Src/gpio.c ****   /*Configure GPIO pins : Audio_SCL_Pin Audio_SDA_Pin */
 176:Core/Src/gpio.c ****   GPIO_InitStruct.Pin = Audio_SCL_Pin|Audio_SDA_Pin;
 419              		.loc 1 176 3 view .LVU163
 420              		.loc 1 176 23 is_stmt 0 view .LVU164
 421 01ce 4FF41073 		mov	r3, #576
 422 01d2 0793     		str	r3, [sp, #28]
 177:Core/Src/gpio.c ****   GPIO_InitStruct.Mode = GPIO_MODE_AF_OD;
 423              		.loc 1 177 3 is_stmt 1 view .LVU165
 424              		.loc 1 177 24 is_stmt 0 view .LVU166
 425 01d4 1223     		movs	r3, #18
 426 01d6 0893     		str	r3, [sp, #32]
 178:Core/Src/gpio.c ****   GPIO_InitStruct.Pull = GPIO_NOPULL;
 427              		.loc 1 178 3 is_stmt 1 view .LVU167
 428              		.loc 1 178 24 is_stmt 0 view .LVU168
 429 01d8 0994     		str	r4, [sp, #36]
 179:Core/Src/gpio.c ****   GPIO_InitStruct.Speed = GPIO_SPEED_FREQ_LOW;
 430              		.loc 1 179 3 is_stmt 1 view .LVU169
 431              		.loc 1 179 25 is_stmt 0 view .LVU170
 432 01da 0A94     		str	r4, [sp, #40]
 180:Core/Src/gpio.c ****   GPIO_InitStruct.Alternate = GPIO_AF4_I2C1;
 433              		.loc 1 180 3 is_stmt 1 view .LVU171
 434              		.loc 1 180 29 is_stmt 0 view .LVU172
 435 01dc 0422     		movs	r2, #4
 436 01de 0B92     		str	r2, [sp, #44]
 181:Core/Src/gpio.c ****   HAL_GPIO_Init(GPIOB, &GPIO_InitStruct);
 437              		.loc 1 181 3 is_stmt 1 view .LVU173
 438 01e0 2946     		mov	r1, r5
 439 01e2 0A48     		ldr	r0, .L3+12
 440 01e4 FFF7FEFF 		bl	HAL_GPIO_Init
 441              	.LVL16:
 182:Core/Src/gpio.c **** 
 183:Core/Src/gpio.c ****   /*Configure GPIO pin : MEMS_INT2_Pin */
 184:Core/Src/gpio.c ****   GPIO_InitStruct.Pin = MEMS_INT2_Pin;
 442              		.loc 1 184 3 view .LVU174
 443              		.loc 1 184 23 is_stmt 0 view .LVU175
 444 01e8 0796     		str	r6, [sp, #28]
ARM GAS  /tmp/cc76YNd6.s 			page 12


 185:Core/Src/gpio.c ****   GPIO_InitStruct.Mode = GPIO_MODE_EVT_RISING;
 445              		.loc 1 185 3 is_stmt 1 view .LVU176
 446              		.loc 1 185 24 is_stmt 0 view .LVU177
 447 01ea 4FF49013 		mov	r3, #1179648
 448 01ee 0893     		str	r3, [sp, #32]
 186:Core/Src/gpio.c ****   GPIO_InitStruct.Pull = GPIO_NOPULL;
 449              		.loc 1 186 3 is_stmt 1 view .LVU178
 450              		.loc 1 186 24 is_stmt 0 view .LVU179
 451 01f0 0994     		str	r4, [sp, #36]
 187:Core/Src/gpio.c ****   HAL_GPIO_Init(MEMS_INT2_GPIO_Port, &GPIO_InitStruct);
 452              		.loc 1 187 3 is_stmt 1 view .LVU180
 453 01f2 2946     		mov	r1, r5
 454 01f4 0348     		ldr	r0, .L3+4
 455 01f6 FFF7FEFF 		bl	HAL_GPIO_Init
 456              	.LVL17:
 188:Core/Src/gpio.c **** 
 189:Core/Src/gpio.c **** }
 457              		.loc 1 189 1 is_stmt 0 view .LVU181
 458 01fa 0DB0     		add	sp, sp, #52
 459              	.LCFI2:
 460              		.cfi_def_cfa_offset 36
 461              		@ sp needed
 462 01fc BDE8F08F 		pop	{r4, r5, r6, r7, r8, r9, r10, fp, pc}
 463              	.L4:
 464              		.align	2
 465              	.L3:
 466 0200 00380240 		.word	1073887232
 467 0204 00100240 		.word	1073876992
 468 0208 00000240 		.word	1073872896
 469 020c 00040240 		.word	1073873920
 470 0210 00080240 		.word	1073874944
 471 0214 000C0240 		.word	1073875968
 472              		.cfi_endproc
 473              	.LFE134:
 475              		.text
 476              	.Letext0:
 477              		.file 2 "/usr/arm-none-eabi/include/machine/_default_types.h"
 478              		.file 3 "/usr/arm-none-eabi/include/sys/_stdint.h"
 479              		.file 4 "Drivers/CMSIS/Device/ST/STM32F4xx/Include/stm32f407xx.h"
 480              		.file 5 "Drivers/STM32F4xx_HAL_Driver/Inc/stm32f4xx_hal_gpio.h"
ARM GAS  /tmp/cc76YNd6.s 			page 13


DEFINED SYMBOLS
                            *ABS*:00000000 gpio.c
     /tmp/cc76YNd6.s:21     .text.MX_GPIO_Init:00000000 $t
     /tmp/cc76YNd6.s:27     .text.MX_GPIO_Init:00000000 MX_GPIO_Init
     /tmp/cc76YNd6.s:466    .text.MX_GPIO_Init:00000200 $d

UNDEFINED SYMBOLS
HAL_GPIO_WritePin
HAL_GPIO_Init
